<?xml version="1.0" encoding="utf-8"?><testsuite errors="0" failures="0" name="pytest" skips="0" tests="2" time="12.131"><testcase classname="sklearn.experimental.enable_hist_gradient_boosting" file="sklearn/experimental/enable_hist_gradient_boosting.py" line="0" name="sklearn.experimental.enable_hist_gradient_boosting" time="0.006854057312011719"></testcase><testcase classname="sklearn.experimental.tests.test_enable_hist_gradient_boosting" file="sklearn/experimental/tests/test_enable_hist_gradient_boosting.py" line="7" name="test_imports_strategies" time="2.553412914276123"></testcase></testsuite>